<?xml version="1.0" encoding="UTF-8"?>
<!-- Generated by org.testng.reporters.JUnitReportReporter -->
<testsuite hostname="vaio-VAIO" name="company.saifPro.Tests.AppTest2" tests="1" failures="0" timestamp="3 Mar 2018 16:54:19 GMT" time="0.044" errors="0">
  <testcase name="testApp" time="0.044" classname="company.saifPro.Tests.AppTest2"/>
</testsuite>
